CPLEX 20.1.0.0: optimal integer solution; objective 338
5489027 MIP simplex iterations
53591 branch-and-bound nodes
No basis.
s [*,*]
:    p1  p2  p3  p4  p5    :=
s1    0   0   0   0   1
s10   1   0   0   0   0
s11   0   0   1   0   0
s12   1   0   0   0   0
s13   0   1   0   0   0
s14   0   0   0   1   0
s15   1   0   0   0   0
s16   0   0   1   0   0
s17   0   0   1   0   0
s18   0   0   0   1   0
s19   0   0   0   1   0
s2    0   0   1   0   0
s20   0   0   1   0   0
s21   1   0   0   0   0
s22   1   0   0   0   0
s23   1   0   0   0   0
s24   0   0   0   1   0
s25   0   0   0   1   0
s26   0   0   0   0   1
s27   0   0   1   0   0
s28   0   0   0   1   0
s29   0   1   0   0   0
s3    0   0   1   0   0
s30   0   0   0   0   1
s31   0   0   0   0   1
s32   1   0   0   0   0
s33   0   1   0   0   0
s34   0   0   0   1   0
s35   0   1   0   0   0
s36   0   1   0   0   0
s37   0   0   0   0   1
s38   1   0   0   0   0
s39   0   1   0   0   0
s4    0   0   0   1   0
s40   0   0   0   0   1
s5    0   0   1   0   0
s6    0   1   0   0   0
s7    0   1   0   0   0
s8    0   0   0   0   1
s9    0   0   0   0   1
;

ConflictofInterest = 338

